2022-mai-09 08:02:50 INFO   fr.formation.inti.BprApplication:55 - Starting BprApplication using Java 1.8.0_321 on HP-Nico with PID 24176 (C:\Users\nico9\git\PROJET-BRP\bpr\target\classes started by nico9 in C:\Users\nico9\git\PROJET-BRP\bpr)
2022-mai-09 08:02:50 INFO   fr.formation.inti.BprApplication:640 - No active profile set, falling back to 1 default profile: "default"
2022-mai-09 08:02:50 INFO   org.springframework.boot.devtools.env.DevToolsPropertyDefaultsPostProcessor:255 - Devtools property defaults active! Set 'spring.devtools.add-properties' to 'false' to disable
2022-mai-09 08:02:50 INFO   org.springframework.boot.devtools.env.DevToolsPropertyDefaultsPostProcessor:255 - For additional web related logging consider setting the 'logging.level.web' property to 'DEBUG'
2022-mai-09 08:02:51 INFO   org.springframework.data.repository.config.RepositoryConfigurationDelegate:132 - Bootstrapping Spring Data JPA repositories in DEFAULT mode.
2022-mai-09 08:02:51 INFO   org.springframework.data.repository.config.RepositoryConfigurationDelegate:201 - Finished Spring Data repository scanning in 66 ms. Found 4 JPA repository interfaces.
2022-mai-09 08:02:51 INFO   org.springframework.boot.web.embedded.tomcat.TomcatWebServer:108 - Tomcat initialized with port(s): 8080 (http)
2022-mai-09 08:02:51 INFO   org.apache.catalina.core.StandardService:173 - Starting service [Tomcat]
2022-mai-09 08:02:51 INFO   org.apache.catalina.core.StandardEngine:173 - Starting Servlet engine: [Apache Tomcat/9.0.62]
2022-mai-09 08:02:52 INFO   org.apache.catalina.core.ContainerBase.[Tomcat].[localhost].[/]:173 - Initializing Spring embedded WebApplicationContext
2022-mai-09 08:02:52 INFO   org.springframework.boot.web.servlet.context.ServletWebServerApplicationContext:290 - Root WebApplicationContext: initialization completed in 1728 ms
2022-mai-09 08:02:52 INFO   org.hibernate.jpa.internal.util.LogHelper:31 - HHH000204: Processing PersistenceUnitInfo [name: default]
2022-mai-09 08:02:52 INFO   org.hibernate.Version:44 - HHH000412: Hibernate ORM core version 5.6.8.Final
2022-mai-09 08:02:52 INFO   org.hibernate.annotations.common.Version:56 - HCANN000001: Hibernate Commons Annotations {5.1.2.Final}
2022-mai-09 08:02:52 INFO   com.zaxxer.hikari.HikariDataSource:110 - HikariPool-1 - Starting...
2022-mai-09 08:02:53 INFO   com.zaxxer.hikari.HikariDataSource:123 - HikariPool-1 - Start completed.
2022-mai-09 08:02:53 INFO   org.hibernate.dialect.Dialect:175 - HHH000400: Using dialect: org.hibernate.dialect.MySQL5Dialect
2022-mai-09 08:02:55 INFO   org.hibernate.engine.transaction.jta.platform.internal.JtaPlatformInitiator:52 - HHH000490: Using JtaPlatform implementation: [org.hibernate.engine.transaction.jta.platform.internal.NoJtaPlatform]
2022-mai-09 08:02:55 INFO   org.springframework.orm.jpa.LocalContainerEntityManagerFactoryBean:437 - Initialized JPA EntityManagerFactory for persistence unit 'default'
2022-mai-09 08:02:55 WARN   org.springframework.boot.autoconfigure.orm.jpa.JpaBaseConfiguration$JpaWebConfiguration:219 - spring.jpa.open-in-view is enabled by default. Therefore, database queries may be performed during view rendering. Explicitly configure spring.jpa.open-in-view to disable this warning
2022-mai-09 08:02:56 WARN   org.springframework.security.config.annotation.web.builders.WebSecurity:294 - You are asking Spring Security to ignore Ant [pattern='/resources/**']. This is not recommended -- please use permitAll via HttpSecurity#authorizeHttpRequests instead.
2022-mai-09 08:02:56 INFO   org.springframework.security.web.DefaultSecurityFilterChain:52 - Will not secure Ant [pattern='/resources/**']
2022-mai-09 08:02:56 WARN   org.springframework.security.config.annotation.web.builders.WebSecurity:294 - You are asking Spring Security to ignore Ant [pattern='/static/**']. This is not recommended -- please use permitAll via HttpSecurity#authorizeHttpRequests instead.
2022-mai-09 08:02:56 INFO   org.springframework.security.web.DefaultSecurityFilterChain:52 - Will not secure Ant [pattern='/static/**']
2022-mai-09 08:02:56 WARN   org.springframework.security.config.annotation.web.builders.WebSecurity:294 - You are asking Spring Security to ignore Ant [pattern='/css/**']. This is not recommended -- please use permitAll via HttpSecurity#authorizeHttpRequests instead.
2022-mai-09 08:02:56 INFO   org.springframework.security.web.DefaultSecurityFilterChain:52 - Will not secure Ant [pattern='/css/**']
2022-mai-09 08:02:56 WARN   org.springframework.security.config.annotation.web.builders.WebSecurity:294 - You are asking Spring Security to ignore Ant [pattern='/js/**']. This is not recommended -- please use permitAll via HttpSecurity#authorizeHttpRequests instead.
2022-mai-09 08:02:56 INFO   org.springframework.security.web.DefaultSecurityFilterChain:52 - Will not secure Ant [pattern='/js/**']
2022-mai-09 08:02:56 WARN   org.springframework.security.config.annotation.web.builders.WebSecurity:294 - You are asking Spring Security to ignore Ant [pattern='/img/**']. This is not recommended -- please use permitAll via HttpSecurity#authorizeHttpRequests instead.
2022-mai-09 08:02:56 INFO   org.springframework.security.web.DefaultSecurityFilterChain:52 - Will not secure Ant [pattern='/img/**']
2022-mai-09 08:02:56 WARN   org.springframework.security.config.annotation.web.builders.WebSecurity:294 - You are asking Spring Security to ignore Ant [pattern='/icon/**']. This is not recommended -- please use permitAll via HttpSecurity#authorizeHttpRequests instead.
2022-mai-09 08:02:56 INFO   org.springframework.security.web.DefaultSecurityFilterChain:52 - Will not secure Ant [pattern='/icon/**']
2022-mai-09 08:02:56 WARN   org.springframework.security.config.annotation.web.builders.WebSecurity:294 - You are asking Spring Security to ignore Ant [pattern='/**.css']. This is not recommended -- please use permitAll via HttpSecurity#authorizeHttpRequests instead.
2022-mai-09 08:02:56 INFO   org.springframework.security.web.DefaultSecurityFilterChain:52 - Will not secure Ant [pattern='/**.css']
2022-mai-09 08:02:56 WARN   org.springframework.security.config.annotation.web.builders.WebSecurity:294 - You are asking Spring Security to ignore Ant [pattern='/webfonts/**']. This is not recommended -- please use permitAll via HttpSecurity#authorizeHttpRequests instead.
2022-mai-09 08:02:56 INFO   org.springframework.security.web.DefaultSecurityFilterChain:52 - Will not secure Ant [pattern='/webfonts/**']
2022-mai-09 08:02:56 WARN   org.springframework.security.config.annotation.web.builders.WebSecurity:294 - You are asking Spring Security to ignore Ant [pattern='/error']. This is not recommended -- please use permitAll via HttpSecurity#authorizeHttpRequests instead.
2022-mai-09 08:02:56 INFO   org.springframework.security.web.DefaultSecurityFilterChain:52 - Will not secure Ant [pattern='/error']
2022-mai-09 08:02:56 INFO   org.springframework.security.web.DefaultSecurityFilterChain:55 - Will secure any request with [org.springframework.security.web.context.request.async.WebAsyncManagerIntegrationFilter@551dc90a, org.springframework.security.web.context.SecurityContextPersistenceFilter@5a000966, org.springframework.security.web.header.HeaderWriterFilter@4e5f8154, org.springframework.security.web.authentication.logout.LogoutFilter@26942493, org.springframework.security.web.authentication.UsernamePasswordAuthenticationFilter@5444be35, org.springframework.security.web.savedrequest.RequestCacheAwareFilter@492ef6f5, org.springframework.security.web.servletapi.SecurityContextHolderAwareRequestFilter@72ec3148, org.springframework.security.web.authentication.AnonymousAuthenticationFilter@24d9708a, org.springframework.security.web.session.SessionManagementFilter@6afe7a46, org.springframework.security.web.access.ExceptionTranslationFilter@6f7f57d, org.springframework.security.web.access.intercept.FilterSecurityInterceptor@398cec7f]
2022-mai-09 08:02:56 INFO   org.springframework.boot.autoconfigure.web.servlet.WelcomePageHandlerMapping:57 - Adding welcome page template: index
2022-mai-09 08:02:56 INFO   org.springframework.boot.devtools.autoconfigure.OptionalLiveReloadServer:58 - LiveReload server is running on port 35729
2022-mai-09 08:02:56 INFO   org.springframework.boot.web.embedded.tomcat.TomcatWebServer:220 - Tomcat started on port(s): 8080 (http) with context path ''
2022-mai-09 08:02:56 INFO   fr.formation.inti.BprApplication:61 - Started BprApplication in 6.963 seconds (JVM running for 8.071)
2022-mai-09 08:03:07 INFO   org.apache.catalina.core.ContainerBase.[Tomcat].[localhost].[/]:173 - Initializing Spring DispatcherServlet 'dispatcherServlet'
2022-mai-09 08:03:07 INFO   org.springframework.web.servlet.DispatcherServlet:525 - Initializing Servlet 'dispatcherServlet'
2022-mai-09 08:03:07 INFO   org.springframework.web.servlet.DispatcherServlet:547 - Completed initialization in 1 ms
2022-mai-09 08:03:12 ERROR  org.apache.catalina.core.ContainerBase.[Tomcat].[localhost].[/].[dispatcherServlet]:175 - Servlet.service() for servlet [dispatcherServlet] in context with path [] threw exception [Request processing failed; nested exception is java.lang.NullPointerException] with root cause
java.lang.NullPointerException: null
	at fr.formation.inti.controller.PhotoController.profile(PhotoController.java:312)
	at sun.reflect.NativeMethodAccessorImpl.invoke0(Native Method)
	at sun.reflect.NativeMethodAccessorImpl.invoke(NativeMethodAccessorImpl.java:62)
	at sun.reflect.DelegatingMethodAccessorImpl.invoke(DelegatingMethodAccessorImpl.java:43)
	at java.lang.reflect.Method.invoke(Method.java:498)
	at org.springframework.web.method.support.InvocableHandlerMethod.doInvoke(InvocableHandlerMethod.java:205)
	at org.springframework.web.method.support.InvocableHandlerMethod.invokeForRequest(InvocableHandlerMethod.java:150)
	at org.springframework.web.servlet.mvc.method.annotation.ServletInvocableHandlerMethod.invokeAndHandle(ServletInvocableHandlerMethod.java:117)
	at org.springframework.web.servlet.mvc.method.annotation.RequestMappingHandlerAdapter.invokeHandlerMethod(RequestMappingHandlerAdapter.java:895)
	at org.springframework.web.servlet.mvc.method.annotation.RequestMappingHandlerAdapter.handleInternal(RequestMappingHandlerAdapter.java:808)
	at org.springframework.web.servlet.mvc.method.AbstractHandlerMethodAdapter.handle(AbstractHandlerMethodAdapter.java:87)
	at org.springframework.web.servlet.DispatcherServlet.doDispatch(DispatcherServlet.java:1067)
	at org.springframework.web.servlet.DispatcherServlet.doService(DispatcherServlet.java:963)
	at org.springframework.web.servlet.FrameworkServlet.processRequest(FrameworkServlet.java:1006)
	at org.springframework.web.servlet.FrameworkServlet.doGet(FrameworkServlet.java:898)
	at javax.servlet.http.HttpServlet.service(HttpServlet.java:655)
	at org.springframework.web.servlet.FrameworkServlet.service(FrameworkServlet.java:883)
	at javax.servlet.http.HttpServlet.service(HttpServlet.java:764)
	at org.apache.catalina.core.ApplicationFilterChain.internalDoFilter(ApplicationFilterChain.java:227)
	at org.apache.catalina.core.ApplicationFilterChain.doFilter(ApplicationFilterChain.java:162)
	at org.apache.tomcat.websocket.server.WsFilter.doFilter(WsFilter.java:53)
	at org.apache.catalina.core.ApplicationFilterChain.internalDoFilter(ApplicationFilterChain.java:189)
	at org.apache.catalina.core.ApplicationFilterChain.doFilter(ApplicationFilterChain.java:162)
	at org.springframework.security.web.FilterChainProxy$VirtualFilterChain.doFilter(FilterChainProxy.java:327)
	at org.springframework.security.web.access.intercept.FilterSecurityInterceptor.invoke(FilterSecurityInterceptor.java:115)
	at org.springframework.security.web.access.intercept.FilterSecurityInterceptor.doFilter(FilterSecurityInterceptor.java:81)
	at org.springframework.security.web.FilterChainProxy$VirtualFilterChain.doFilter(FilterChainProxy.java:336)
	at org.springframework.security.web.access.ExceptionTranslationFilter.doFilter(ExceptionTranslationFilter.java:122)
	at org.springframework.security.web.access.ExceptionTranslationFilter.doFilter(ExceptionTranslationFilter.java:116)
	at org.springframework.security.web.FilterChainProxy$VirtualFilterChain.doFilter(FilterChainProxy.java:336)
	at org.springframework.security.web.session.SessionManagementFilter.doFilter(SessionManagementFilter.java:126)
	at org.springframework.security.web.session.SessionManagementFilter.doFilter(SessionManagementFilter.java:81)
	at org.springframework.security.web.FilterChainProxy$VirtualFilterChain.doFilter(FilterChainProxy.java:336)
	at org.springframework.security.web.authentication.AnonymousAuthenticationFilter.doFilter(AnonymousAuthenticationFilter.java:109)
	at org.springframework.security.web.FilterChainProxy$VirtualFilterChain.doFilter(FilterChainProxy.java:336)
	at org.springframework.security.web.servletapi.SecurityContextHolderAwareRequestFilter.doFilter(SecurityContextHolderAwareRequestFilter.java:149)
	at org.springframework.security.web.FilterChainProxy$VirtualFilterChain.doFilter(FilterChainProxy.java:336)
	at org.springframework.security.web.savedrequest.RequestCacheAwareFilter.doFilter(RequestCacheAwareFilter.java:63)
	at org.springframework.security.web.FilterChainProxy$VirtualFilterChain.doFilter(FilterChainProxy.java:336)
	at org.springframework.security.web.authentication.AbstractAuthenticationProcessingFilter.doFilter(AbstractAuthenticationProcessingFilter.java:219)
	at org.springframework.security.web.authentication.AbstractAuthenticationProcessingFilter.doFilter(AbstractAuthenticationProcessingFilter.java:213)
	at org.springframework.security.web.FilterChainProxy$VirtualFilterChain.doFilter(FilterChainProxy.java:336)
	at org.springframework.security.web.authentication.logout.LogoutFilter.doFilter(LogoutFilter.java:103)
	at org.springframework.security.web.authentication.logout.LogoutFilter.doFilter(LogoutFilter.java:89)
	at org.springframework.security.web.FilterChainProxy$VirtualFilterChain.doFilter(FilterChainProxy.java:336)
	at org.springframework.security.web.header.HeaderWriterFilter.doHeadersAfter(HeaderWriterFilter.java:90)
	at org.springframework.security.web.header.HeaderWriterFilter.doFilterInternal(HeaderWriterFilter.java:75)
	at org.springframework.web.filter.OncePerRequestFilter.doFilter(OncePerRequestFilter.java:117)
	at org.springframework.security.web.FilterChainProxy$VirtualFilterChain.doFilter(FilterChainProxy.java:336)
	at org.springframework.security.web.context.SecurityContextPersistenceFilter.doFilter(SecurityContextPersistenceFilter.java:110)
	at org.springframework.security.web.context.SecurityContextPersistenceFilter.doFilter(SecurityContextPersistenceFilter.java:80)
	at org.springframework.security.web.FilterChainProxy$VirtualFilterChain.doFilter(FilterChainProxy.java:336)
	at org.springframework.security.web.context.request.async.WebAsyncManagerIntegrationFilter.doFilterInternal(WebAsyncManagerIntegrationFilter.java:55)
	at org.springframework.web.filter.OncePerRequestFilter.doFilter(OncePerRequestFilter.java:117)
	at org.springframework.security.web.FilterChainProxy$VirtualFilterChain.doFilter(FilterChainProxy.java:336)
	at org.springframework.security.web.FilterChainProxy.doFilterInternal(FilterChainProxy.java:211)
	at org.springframework.security.web.FilterChainProxy.doFilter(FilterChainProxy.java:183)
	at org.springframework.web.filter.DelegatingFilterProxy.invokeDelegate(DelegatingFilterProxy.java:354)
	at org.springframework.web.filter.DelegatingFilterProxy.doFilter(DelegatingFilterProxy.java:267)
	at org.apache.catalina.core.ApplicationFilterChain.internalDoFilter(ApplicationFilterChain.java:189)
	at org.apache.catalina.core.ApplicationFilterChain.doFilter(ApplicationFilterChain.java:162)
	at org.springframework.web.filter.RequestContextFilter.doFilterInternal(RequestContextFilter.java:100)
	at org.springframework.web.filter.OncePerRequestFilter.doFilter(OncePerRequestFilter.java:117)
	at org.apache.catalina.core.ApplicationFilterChain.internalDoFilter(ApplicationFilterChain.java:189)
	at org.apache.catalina.core.ApplicationFilterChain.doFilter(ApplicationFilterChain.java:162)
	at org.springframework.web.filter.FormContentFilter.doFilterInternal(FormContentFilter.java:93)
	at org.springframework.web.filter.OncePerRequestFilter.doFilter(OncePerRequestFilter.java:117)
	at org.apache.catalina.core.ApplicationFilterChain.internalDoFilter(ApplicationFilterChain.java:189)
	at org.apache.catalina.core.ApplicationFilterChain.doFilter(ApplicationFilterChain.java:162)
	at org.springframework.web.filter.CharacterEncodingFilter.doFilterInternal(CharacterEncodingFilter.java:201)
	at org.springframework.web.filter.OncePerRequestFilter.doFilter(OncePerRequestFilter.java:117)
	at org.apache.catalina.core.ApplicationFilterChain.internalDoFilter(ApplicationFilterChain.java:189)
	at org.apache.catalina.core.ApplicationFilterChain.doFilter(ApplicationFilterChain.java:162)
	at org.apache.catalina.core.StandardWrapperValve.invoke(StandardWrapperValve.java:197)
	at org.apache.catalina.core.StandardContextValve.invoke(StandardContextValve.java:97)
	at org.apache.catalina.authenticator.AuthenticatorBase.invoke(AuthenticatorBase.java:541)
	at org.apache.catalina.core.StandardHostValve.invoke(StandardHostValve.java:135)
	at org.apache.catalina.valves.ErrorReportValve.invoke(ErrorReportValve.java:92)
	at org.apache.catalina.core.StandardEngineValve.invoke(StandardEngineValve.java:78)
	at org.apache.catalina.connector.CoyoteAdapter.service(CoyoteAdapter.java:360)
	at org.apache.coyote.http11.Http11Processor.service(Http11Processor.java:399)
	at org.apache.coyote.AbstractProcessorLight.process(AbstractProcessorLight.java:65)
	at org.apache.coyote.AbstractProtocol$ConnectionHandler.process(AbstractProtocol.java:890)
	at org.apache.tomcat.util.net.NioEndpoint$SocketProcessor.doRun(NioEndpoint.java:1743)
	at org.apache.tomcat.util.net.SocketProcessorBase.run(SocketProcessorBase.java:49)
	at org.apache.tomcat.util.threads.ThreadPoolExecutor.runWorker(ThreadPoolExecutor.java:1191)
	at org.apache.tomcat.util.threads.ThreadPoolExecutor$Worker.run(ThreadPoolExecutor.java:659)
	at org.apache.tomcat.util.threads.TaskThread$WrappingRunnable.run(TaskThread.java:61)
	at java.lang.Thread.run(Thread.java:750)
2022-mai-09 08:04:50 INFO   fr.formation.inti.controller.PhotoController:169 - Id :: 1
